info it worked if it ends with ok
verbose cli [ '/home/cloud9/c9/support/node-c9-builds-v4/node-c9-sunos',
verbose cli   '/home/ide_gpad/workspaces/npm/bin/npm.js',
verbose cli   'install',
verbose cli   '--dev' ]
info using npm@1.0.1rc6
info using node@v0.4.5
verbose config file /home/cloud9/.npmrc
verbose config file /home/cloud9/c9/support/etc/npmrc
silly testEngine { author: { name: 'gpad' },
silly testEngine   name: 'GPadTodo',
silly testEngine   description: 'app example fo LinuxDay',
silly testEngine   version: '0.0.1',
silly testEngine   homepage: 'https://github.com/gpad/LinuxDay2011',
silly testEngine   repository: 
silly testEngine    { type: 'git',
silly testEngine      url: 'git://github.com/gpad/LinuxDay2011.git' },
silly testEngine   main: './server.js',
silly testEngine   engines: { node: '*' },
silly testEngine   dependencies: 
silly testEngine    { formidable: '~1.0.6',
silly testEngine      nodeunit: '~1.1.1',
silly testEngine      far: '~0.0.7' },
silly testEngine   devDependencies: { nodeunit: '~1.1.1', far: '~0.0.7' },
silly testEngine   _id: 'GPadTodo@0.0.1',
silly testEngine   _engineSupported: true,
silly testEngine   _npmVersion: '1.0.1rc6',
silly testEngine   _nodeVersion: 'v0.4.5',
silly testEngine   _defaultsLoaded: true }
verbose caching /mnt/ws/users/gpad/88347/package.json
verbose loadDefaults GPadTodo@0.0.1
info into /mnt/ws/users/gpad/88347 [ 'formidable@~1.0.6',
info into /mnt/ws/users/gpad/88347   'nodeunit@~1.1.1',
info into /mnt/ws/users/gpad/88347   'far@~0.0.7' ]
verbose cache add [ 'nodeunit@~1.1.1', null ]
info addNamed [ 'nodeunit', '~1.1.1' ]
verbose addNamed [ null, '>=1.1.1 <1.2.0' ]
verbose cache add [ 'far@~0.0.7', null ]
info addNamed [ 'far', '~0.0.7' ]
verbose addNamed [ null, '>=0.0.7 <0.1.0' ]
info already installed manually in /mnt/ws/users/gpad/88347 skipping formidable@~1.0.6
verbose GET nodeunit
verbose raw, before any munging nodeunit
verbose url resolving [ 'http://registry.npmjs.org/', './nodeunit' ]
verbose url resolved http://registry.npmjs.org/nodeunit
verbose url parsed { protocol: 'http:',
verbose url parsed   slashes: true,
verbose url parsed   host: 'registry.npmjs.org',
verbose url parsed   hostname: 'registry.npmjs.org',
verbose url parsed   pathname: '/nodeunit',
verbose url parsed   href: 'http://registry.npmjs.org/nodeunit' }
verbose GET far
verbose raw, before any munging far
verbose url resolving [ 'http://registry.npmjs.org/', './far' ]
verbose url resolved http://registry.npmjs.org/far
verbose url parsed { protocol: 'http:',
verbose url parsed   slashes: true,
verbose url parsed   host: 'registry.npmjs.org',
verbose url parsed   hostname: 'registry.npmjs.org',
verbose url parsed   pathname: '/far',
verbose url parsed   href: 'http://registry.npmjs.org/far' }
verbose response http://registry.npmjs.org/nodeunit
silly chunk {"_id":"nodeunit","_rev":"41-2d319cc331f64cbcd8cd7bdc0b48243e","name":"nodeunit","description":"Easy unit testing for node.js and the browser.","dist-tags":{"latest":"0.5.5"},"versions":{"0.1.0":{"name":"nodeunit","description":"Easy unit testing in node.js, loosely based on the QUnit API","main":"./index","author":{"name":"Caolan McMahon"},"version":"0.1.0","repository":{"type":"git","url":"http://github.com/caolan/nodeunit.git"},"bugs":{"web":"http://github.com/caolan/nodeunit/issues"},"licenses":[{"type":"MIT","url":"http://github.com/caolan/nodeunit/raw/master/LICENSE"}],"_id":"nodeunit@0.1.0","engines":{"node":"*"},"_nodeSupported":true,"_npmVersion":"0.2.7-2","_nodeVersion":"v0.3.1-pre","dist":{"tarball":"http://registry.npmjs.org/nodeunit/-/nodeunit-0.1.0.tgz"},"directories":{}},"0.1.1":{"name":"nodeunit","description":"Easy unit testing in node.js, loosely based on the QUnit API","main":"./index","author":{"name":"Caolan McMahon"},"version":"0.1.1","repository":{"type":"git","url":"http://github.com/caolan/nodeunit.git"},"bugs":{"web":"http://github.com/caolan/nodeunit/issues"},"licenses":[{"type":"MIT","url":"http://github.com/caolan/nodeunit/raw/master/LICENSE"}],"bin":{"nodeunit":"./bin/nodeunit"},"_id":"nodeunit@0.1.1","engin
silly chunk es":{"node":"*"},"_nodeSupported":true,"_npmVersion":"0.2.7-2","_nodeVersion":"v0.3.1-pre","dist":{"tarball":"http://registry.npmjs.org/nodeunit/-/nodeunit-0.1.1.tgz"},"directories":{}},"0.1.2":{"name":"nodeunit","description":"Easy unit testing in node.js, loosely based on the QUnit API","main":"./index","author":{"name":"Caolan McMahon"},"version":"0.1.2","repository":{"type":"git","url":"http://github.com/caolan/nodeunit.git"},"bugs":{"web":"http://github.com/caolan/nodeunit/issues"},"licenses":[{"type":"MIT","url":"http://github.com/caolan/nodeunit/raw/master/LICENSE"}],"bin":{"nodeunit":"./bin/nodeunit"},"_id":"nodeunit@0.1.2","engines":{"node":"*"},"_nodeSupported":true,"_npmVersion":"0.2.7-2","_nodeVersion":"v0.3.1-pre","dist":{"tarball":"http://registry.npmjs.org/nodeunit/-/nodeunit-0.1.2.tgz"},"directories":{}},"0.2.0":{"name":"nodeunit","description":"Easy unit testing in node.js, loosely based on the QUnit API","main":"./index","author":{"name":"Caolan McMahon"},"version":"0.2.0","repository":{"type":"git","url":"http://github.com/caolan/nodeunit.git"},"bugs":{"web":"http://github.com/caolan/nodeunit/issues"},"licenses":[{"type":"MIT","url":"http://github.com/caolan/nodeunit/raw/master/LICENSE"}],"bin":{"nodeunit":"./lib/testrunner"},"_id":"nodeunit@0.2.0","engines":{"node":"*"},"_nodeSupported":true,"_npmVersion":"0.2.7-2","_nodeVersion":"v0.3.1-pre","dist":{"tarball":"http://registry.npmjs.org/nodeunit/-/nodeunit-0.2.0.tgz"
verbose response http://registry.npmjs.org/far
silly chunk {"_id":"far","_rev":"19-c8d9f1e8bc12a31cb27bef3ed44759ce","name":"far","description":"Find and run node.js files.","dist-tags":{"latest":"0.0.7"},"versions":{"0.0.0":{"author":{"name":"Felix Geisendörfer","email":"felix@debuggable.com","url":"http://debuggable.com/"},"name":"far","description":"Find and run node.js files.","version":"0.0.0","homepage":"https://github.com/felixge/node-far","repository":{"type":"git","url":"git@github.com:felixge/node-far.git"},"main":"./lib/far.js","engines":{"node":"*"},"dependencies":{},"devDependencies":{},"_id":"far@0.0.0","_engineSupported":true,"_npmVersion":"1.0.1rc9","_nodeVersion":"v0.4.7-pre","_defaultsLoaded":true,"dist":{"shasum":"70f61af90ce682802bfd467c2f9006e47a26ff8b","tarball":"http://registry.npmjs.org/far/-/far-0.0.0.tgz"},"directories":{}},"0.0.1":{"author":{"name":"Felix Geisendörfer","email":"felix@debuggable.com","url":"http://debuggable.com/"},"name":"far","description":"Find and run node.js files.","version":"0.0.1","homepage":"https://github.com/felixge/node-far","repository":{"type":"git","url":"git@github.com:felixge/node-far.git"},"main":"./lib/far.js","bin":{"node-far":"./bin/node-far"},"engines":{"node":"*"},"dependencies":{"tap-producer":"0.0.1","oop":"0.0.3"},"devDependencies":{},"_id":"far@0.0.1","_engineSupported":true,"_npmVersion":"1.0.1rc9","_nodeVersion":"v0.4.8-pre","_defaultsLoaded":true,"dist":{"shasum":"8b2c71a638b02d4302a9cba64368fcc159746b0f","tarball":"http://registry.npmjs.org/far/-/far-0.0.1.tgz"},"directories":{}},"0.0.3":{"author":{"name":"Felix Geisendörfer","email":"felix@debuggable.com","url":"http://debuggable.com/"},"name":"far","description":"Find and run node.js files.","version":"0.0.3","homepage":"https://github.com/felixge/node-far","repository":{"type":"git","url":"git@github.com:felixge/node-far.git"},"main":"./lib/far.js","bin":{"node-far":"./bin/node-far"},"engines":{"node":"*"},"dependencies":{"oop":"0.0.3"},"devDependencies":{},"_npmJsonOpts":{"file":"/Users/felix/.npm/far/0.0.3/package/package.json","wscript":false,"contributors":false,"serverjs":false},"_id":"far@0.0.3","_engineSupported":true,"_npmVersion":"1.0.14","_nodeVersion":"v0.4.9-pre","_defaultsLoaded":true,"dist":{"shasum":"67e65d0f55c6c65beab751d21e16520484999a9c","tarball":"http://registry.npmjs.org/far/-/far-0.0.3.tgz"},"scripts":{},"directories":{}},"0.0.4":{"author":{"name":"Felix Geisendörfer","email":"felix@debuggable.com","url":"http://debuggable.com/"},"name":"far","description":"Find and run node.js files.","version":"0.0.4","homepage":"https://github.com/felixge/node-far","repository":{"type":"git","url":"git@github.com:felixge/node-far.git"},"main":"./lib/far.js","bin":{"node-far":"./bin/node-fa
silly chunk r"},"engines":{"node":"*"},"dependencies":{"oop":"0.0.3"},"devDependencies":{},"_npmJsonOpts":{"file":"/Users/felix/.npm/far/0.0.4/package/package.json","wscript":false,"contributors":false,"serverjs":false},"_id":"far@0.0.4","_engineSupported":true,"_npmVersion":"1.0.14","_nodeVersion":"v0.4.10-pre","_defaultsLoaded":true,"dist":{"shasum":"4fa6386d6d2eed31a0ab73e808599e04ef93d146","tarball":"http://registry.npmjs.org/far/-/far-0.0.4.tgz"},"scripts":{},"directories":{}},"0.0.5":{"author":{"name":"Felix Geisendörfer","email":"felix@debuggable.com","url":"http://debuggable.com/"},"name":"far","description":"Find and run node.js files.","version":"0.0.5","homepage":"https://github.com/felixge/node-far","repository":{"type":"git","url":"git@github.com:felixge/node-far.git"},"main":"./lib/far.js","bin":{"node-far":"./bin/node-far"},"engines":{"node":"*"},"dependencies":{"oop":"0.0.3"},"devDependencies":{},"_npmJsonOpts":{"file":"/Users/felix/.npm/far/0.0.5/package/package.json","wscript":false,"contributors":false,"serverjs":false},"_id":"far@0.0.5","_engineSupported":true,"_npmVersion":"1.0.22","_nodeVersion":"v0.4.10-pre","_defaultsLoaded":true,"dist":{"shasum":"ba1f3ba8f2d3a353d93fd28221f6be49ed2c3106","tarball":"http://registry.npmjs.org/far/-/far-0.0.5.tgz"},"scripts":{},"maintainers":[{"name":"felixge","email":"felix@debuggable.com"}],"directories":{}},"0.0.6":{"author":{"name":"Felix Geisendörfer","email":"felix@debuggable.com","url":"http://debuggable.com/"},"name":"far","description":"Find and run node.js files.","version":"0.0.6","homepage":"https://github.com/felixge/node-far","repository":{"type":"git","url":"git@github.com:felixge/node-far.git"},"main":"./lib/far.js","bin":{"node-far":"./bin/node-far"},"engines":{"node":"*"},"dependencies":{"oop":"0.0.3"},"devDependencies":{},"_npmJsonOpts":{"file":"/Users/felix/.npm/far/0.0.6/package/package.json","wscript":false,"contributors":false,"serverjs":false},"_id":"far@0.0.6","_engineSupported":true,"_npmVersion":"1.0.22","_nodeVersion":"v0.4.10-pre","_defaultsLoaded":true,"dist":{"shasum":"f3492cb799cd9a6241e174c108da05f9a4a54f49","tarball":"http://registry.npmjs.org/far/-/far-0.0.6.tgz"},"scripts":{},"maintainers":[{"name":"felixge","email":"felix@debuggable.com"}],"directories":{}},"0.0.7":{"author":{"name":"Felix Geisendörfer","email":"felix@debuggable.com","url":"http://debuggable.com/"},"name":"far","description":"Find and run node.js files.","version":"0.0.7","homepage":"https://github.com/felixge/node-far","repository":{"type":"git","url":"git@github.com:felixge/node-far.git"},"main":"./lib/far.js","bin":{"node-far":"./bin/node-far"},"engines":{"node":"*"},"dependencies":{"oop":"0.0.3"},"devDependencies":{},"_npmJsonOpts":{"file":"/Users/felix/.npm/far/0.0.7/package/package.json","wscript":false,"contributors":false,"serverjs":false},"_id":"far@0.0.7","_engineSupported":true,"_npmVersion":"1.0.22","_nodeVersion":"v0.4.10-pre","_defaultsLoaded":true,"dist":{"shasum":"01c1fd362bcd26ce9cf161af3938aa34619f79a7","tarball":"http://registry.npmjs.org/far/-/far-0.0.7.tgz"},"scripts":{},"maintainers":[{"name":"felixge","email":"felix@debuggable.com"}],"directories":{}}},"maintainers":[{"name":"felixge","email":"felix@debuggable.com"}],"time":{"0.0.0":"2011-04-24T15:37:16.514Z","0.0.1":"2011-04-28T23:51:07.960Z","0.0.3":"2011-06-26T12:38:11.333Z","0.0.4":"2011-07-14T07:54:57.501Z","0.0.5":"2011-08-01T12:28:28.910Z","0.0.6":"2011-08-01T12:30:37.986Z","0.0.7":"2011-08-06T10:42:12.501Z"},"author":{"name":"Felix Geisendörfer","email":"felix@debuggable.com","url":"http://debuggable.com/"},"repository":{"type":"git","url":"git@github.com:felixge/node-far.git"}}
silly get cb [ 200,
silly get cb   { vary: 'Accept',
silly get cb     server: 'CouchDB/1.1.0 (Erlang OTP/R14B03)',
silly get cb     etag: '"B8JMNCTYVHQ2BRWTDDSNE804R"',
silly get cb     date: 'Wed, 12 Oct 2011 11:54:57 GMT',
silly get cb     'content-type': 'application/json',
silly get cb     'content-length': '6394' } ]
silly chunk },"directories":{}},"0.2.1":{"name":"nodeunit","description":"Easy unit testing in node.js, loosely based on the QUnit API","main":"./index","author":{"name":"Caolan McMahon"},"version":"0.2.1","repository":{"type":"git","url":"http://github.com/caolan/nodeunit.git"},"bugs":{"web":"http://github.com/caolan/nodeunit/issues"},"licenses":[{"type":"MIT","url":"http://github.com/caolan/nodeunit/raw/master/LICENSE"}],"bin":{"nodeunit":"./lib/testrunner.js"},"_id":"nodeunit@0.2.1","engines":{"node":"*"},"_nodeSupported":true,"_npmVersion":"0.2.7-2","_nodeVersion":"v0.3.1-pre","dist":{"tarball":"http://registry.npmjs.org/nodeunit/-/nodeunit-0.2.1.tgz"},"directories":{}},"0.2.2":{"name":"nodeunit","description":"Easy unit testing in node.js, loosely based on the QUnit API","main":"./index","author":{"name":"Caolan McMahon"},"version":"0.2.2","repository":{"type":"git","url":"http://github.com/caolan/nodeunit.git"},"bugs":{"web":"http://github.com/caolan/nodeunit/issues"},"licenses":[{"type":"MIT","url":"http://github.com/caolan/nodeunit/raw/master/LICENSE"}],"bin":{"nodeunit":"./lib/testrunner.js"},"_id":"nodeunit@0.2.2","engines":{"node":"*"},"_nodeSupported":true,"_npmVersion":"0.2.7-2","_nodeVersion":"v0.3.1-pre","dist":{"tarball":"http://registry.npmjs.org/nodeunit/-/nodeunit-0.2.2.tgz"},"directories":{}},"0.2.3":{"name":"nodeunit","description":"Easy unit testing in node.js, loosely based on the QUnit API","main":"./index","author":{"name":"Caolan McMahon"},"version":"0.2.3","repository":{"type":"git","url":"http://github.com/caolan/nodeunit.git"},"bugs":{"web":"http://github.com/caolan/nodeunit/issues"},"licenses":[{"type":"MIT","url":"http://github.com/caolan/nodeunit/raw/master/LICENSE"}],"bin":{"nodeunit":"./lib/cli.js"},"_id":"nodeunit@0.2.3","engines":{"node":"*"},"_nodeSupported":true,"_npmVersion":"0.2.7-2","_nodeVersion":"v0.3.1-pre","dist":{"tarball":"http://registry.npmjs.org/nodeunit/-/nodeunit-0.2.3.tgz"},"directories":{}},"0.2.4":{"name":"nodeunit","description":"Easy unit testing in node.js, loosely based on the QUnit API","main":"./index","author":{"name":"Caolan McMahon"},"version":"0.2.4","repository":{"type":"git","url":"http://github.com/caolan/nodeunit.git"},"bugs":{"web":"http://github.com/caolan/nodeunit/issues"},"licenses":[{"type":"MIT","url":"http://github.com/caolan/nodeunit/raw/master/LICENSE"}],"bin":{"nodeunit":"./bin/nodeunit"},"_id":"nodeunit@0.2.4","engines":{"node":"*"},"_nodeSupported":true,"_npmVersion":"0.2.7-2","_nodeVersion":"v0.3.1-pre","dist":{"tarball":"http://registry.npmjs.org/nodeunit/-/nodeunit-0.2.4.tgz"},"directories":{}},"0.3.1":{"name":"nodeunit","description":"Easy unit testing in node.js, based on the assert module.","main":"./index","directories":{"lib":"./lib"},"author":{"name":"Caolan McMahon"},"version":"0.3.1","repository":{"type":"git","url":"http://github.com/caolan/nodeunit.git"},"bugs":{"web":"http://github.com/caolan/nodeunit/issues"},"licenses":[{"type":"MIT","url":"http://github.com/caolan/nodeunit/raw/master/LICENSE"}],"bin":{"nodeunit":"./bin/nodeunit"},"_id":"nodeunit@0.3.1","engines":{"node":"*"},"_nodeSupported":true,"_npmVersion":"0.2.7-2","_nodeVersion":"v0.3.1-pre","dist":{"tarball":"http://registry.npmjs.org/nodeunit/-/nodeunit-0.3.1.tgz"}},"0.4.0":{"name":"nodeunit","description":"Easy unit testing in node.js, based on the assert module.","main":"./index","directories":{"doc":"./doc","man":"./man1"},"author":{"name":"Caolan McMahon"},"version":"0.4.0","repository":{"type":"git","url":"http://github.com/caolan/nodeunit.git"},"bugs":{"web":"http://github.com/caolan/nodeunit/issues"},"licenses":[{"type":"MIT","url":"http://github.com/caolan/nodeunit/raw/master/LICENSE"}],"bin":{"nodeunit":"./bin/nodeunit"},"_id":"nodeunit@0.4.0","engines":{"node":"*"},"_nodeSupported":true,"_npmVersion":"0.2.4-1","_nodeVersion":"v0.2.4","dist":{"tarball":"http://registry.npmjs.org/nodeunit/-/nodeunit-0.4.0.tgz"}},"0.5.0":{"name":"nodeunit","description":"Easy unit testing for node.js and the browser.","maintainers":[{"name":"Caolan McMahon","web":"https://github.com/caolan"}],"contributors":[{"name":"Alex Gorbatchev","web":"https://github.com/alexgorbatchev"},{"name":"Alex Wolfe","web":"https://github.com/alexkwolfe"},{"name":"Carl Fürstenberg","web":"https://github.com/azatoth"},{"name":"Gerad Suyderhoud","web":"https://github.com/gerad"},{"name":"Kadir Pekel","web":"https://github.com/coffeemate"},{"name":"Oleg Efimov","web":"https://github.com/Sannis"},{"name":"Orlando Vazquez","web":"https://github.com/orlandov"},{"name":"Ryan Dahl","web":"https://github.com/ry"},{"name":"Sam Stephenson","web":"https://github.com/sstephenson"},{"name":"Thomas Mayfield","web":"https://github.com/thegreatape"}],"version":"0.5.0","repository":{"type":"git","url":"http://github.com/caolan/nodeunit.git"},"bugs":{"web":"http://github.com/caolan/nodeunit/issues"},"licenses":[{"type":"MIT","url":"http://github.com/caolan/nodeunit/raw/master/LICENSE"}],"directories":{"lib":"./lib","doc":"./doc","man":"./man1"},"bin":{"nodeunit":"./bin/nodeunit"},"_id":"nodeunit-0.5.0","engines":{"node":"*"},"_nodeSupported":true,"dist":{"tarball":"http://registry.npmjs.org/nodeunit/-/nodeunit-0.5.0.tgz"}},"0.5.1":{"name":"nodeunit","description":"Easy unit testing for node.js and the browser.","maintainers":[{"name":"Caolan McMahon","web":"https://github.com/caolan"}],"contributors":[{"name":"Alex Gorbatchev","web":"https://github.com/alexgorbatchev"},{"name":"Alex Wolfe","web":"https://github.com/alexkwolfe"},{"name":"Carl Fürstenberg","web":"https://github.com/azatoth"},{"name":"Gerad Suyderhoud","web":"https://github.com/gerad"},{"name":"Kadir Pekel","web":"https://github.com/coffeemate"},{"name":"Oleg Efimov","web":"https://github.com/Sannis"},{"name":"Orlando Vazquez","web":"https://github.com/orlandov"},{"name":"Ryan Dahl","web":"https://github.com/ry"},{"name":"Sam Stephenson","web":"https://github.com/sstephenson"},{"name":"Thomas Mayfield","web":"https://github.com/thegreatape"}],"version":"0.5.1","repository":{"type":"git","url":"http://github.com/caolan/nodeunit.git"},"bugs":{"web":"http://github.com/caolan/nodeunit/issues"},"licenses":[{"type":"MIT","url":"http://github.com/caolan/nodeunit/raw/master/LICENSE"}],"directories":{"lib":"./lib","doc":"./doc","man":"./man1"},"bin":{"nodeunit":"./bin/nodeunit"},"_id":"nodeunit@0.5.1","engines":{"node":"*"},"_nodeSupported":true,"_npmVersion":"0.2.4-1","_nodeVersion":"v0.4.2","dist":{"tarball":"http://registry.npmjs.org/nodeunit/-/nodeunit-0.5.1.tgz"}},"0.5.2":{"name":"nodeunit","description":"Easy unit testing for node.js and the browser.","maintainers":[{"name":"Caolan McMahon","url":"https://github.com/caolan"}],"contributors":[{"name":"Alex Gorbatchev","url":"https://github.com/alexgorbatchev"},{"name":"Alex Wolfe","url":"https://github.com/alexkwolfe"},{"name":"Carl Fürstenberg","url":"https://github.com/azatoth"},{"name":"Gerad Suyderhoud","url":"https://github.com/gerad"},{"name":"Kadir Pekel","url":"https://github.com/coffeemate"},{"name":"Oleg Efimov","url":"https://github.com/Sannis"},{"name":"Orlando Vazquez","url":"https://github.com/orlandov"},{"name":"Ryan Dahl","url":"https://github.com/ry"},{"name":"Sam Stephenson","url":"https://github.com/sstephenson"},{"name":"Thomas Mayfield
silly chunk ","url":"https://github.com/thegreatape"}],"version":"0.5.2","repository":{"type":"git","url":"git://github.com/caolan/nodeunit.git"},"bugs":{"url":"http://github.com/caolan/nodeunit/issues"},"licenses":[{"type":"MIT","url":"http://github.com/caolan/nodeunit/raw/master/LICENSE"}],"directories":{"lib":"./lib","doc":"./doc","man":"./man1"},"bin":{"nodeunit":"./bin/nodeunit"},"_npmJsonOpts":{"file":"/home/caolan/.npm/nodeunit/0.5.2/package/package.json","wscript":false,"contributors":false,"serverjs":false},"_id":"nodeunit@0.5.2","dependencies":{},"devDependencies":{},"engines":{"node":"*"},"_engineSupported":true,"_npmVersion":"1.0.15","_nodeVersion":"v0.4.9","_defaultsLoaded":true,"man":["man1/nodeunit.1"],"dist":{"shasum":"3e66b73c5e2849bfafb821bf85d189ec2ab6c059","tarball":"http://registry.npmjs.org/nodeunit/-/nodeunit-0.5.2.tgz"},"scripts":{}},"0.5.3":{"name":"nodeunit","description":"Easy unit testing for node.js and the browser.","maintainers":[{"name":"Caolan McMahon","url":"https://github.com/caolan"}],"contributors":[{"name":"Alex Gorbatchev","url":"https://github.com/alexgorbatchev"},{"name":"Alex Wolfe","url":"https://github.com/alexkwolfe"},{"name":"Carl Fürstenberg","url":"https://github.com/azatoth"},{"name":"Gerad Suyderhoud","url":"https://github.com/gerad"},{"name":"Kadir Pekel","url":"https://github.com/coffeemate"},{"name":"Oleg Efimov","url":"https://github.com/Sannis"},{"name":"Orlando Vazquez","url":"https://github.com/orlandov"},{"name":"Ryan Dahl","url":"https://github.com/ry"},{"name":"Sam Stephenson","url":"https://github.com/sstephenson"},{"name":"Thomas Mayfield","url":"https://github.com/thegreatape"},{"name":"Elijah Insua","email":"tmpvar@gmail.com","url":"http://tmpvar.com"}],"version":"0.5.3","repository":{"type":"git","url":"git://github.com/caolan/nodeunit.git"},"bugs":{"url":"http://github.com/caolan/nodeunit/issues"},"licenses":[{"type":"MIT","url":"http://github.com/caolan/nodeunit/raw/master/LICENSE"}],"directories":{"lib":"./lib","doc":"./doc","man":"./man1"},"bin":{"nodeunit":"./bin/nodeunit"},"_npmJsonOpts":{"file":"/home/caolan/.npm/nodeunit/0.5.3/package/package.json","wscript":false,"contributors":false,"serverjs":false},"_id":"nodeunit@0.5.3","dependencies":{},"devDependencies":{},"engines":{"node":"*"},"_engineSupported":true,"_npmVersion":"1.0.15","_nodeVersion":"v0.4.9","_defaultsLoaded":true,"man":["man1/nodeunit.1"],"dist":{"shasum":"6f8648154353006a50da1fe9072a1588f881d137","tarball":"http://registry.npmjs.org/nodeunit/-/nodeunit-0.5.3.tgz"},"scripts":{}},"0.5.4":{"name":"nodeunit","description":"Easy unit testing for node.js and the browser.","maintainers":[{"name":"caolan","email":"caolan@caolanmcmahon.com"}],"contributors":[{"name":"Alex Gorbatchev","url":"https://github.com/alexgorbatchev"},{"name":"Alex Wolfe","url":"https://github.com/alexkwolfe"},{"name":"Carl Fürstenberg","url":"https://github.com/azatoth"},{"name":"Gerad Suyderhoud","url":"https://github.com/gerad"},{"name":"Kadir Pekel","url":"https://github.com/coffeemate"},{"name":"Oleg Efimov","url":"https://github.com/Sannis"},{"name":"Orlando Vazquez","url":"https://github.com/orlandov"},{"name":"Ryan Dahl","url":"https://github.com/ry"},{"name":"Sam Stephenson","url":"https://github.com/sstephenson"},{"name":"Thomas Mayfield","url":"https://github.com/thegreatape"},{"name":"Elijah Insua","email":"tmpvar@gmail.com","url":"http://tmpvar.com"}],"version":"0.5.4","repository":{"type":"git","url":"git://github.com/caolan/nodeunit.git"},"bugs":{"url":"http://github.com/caolan/nodeunit/issues"},"licenses":[{"type":"MIT","url":"http://github.com/caolan/nodeunit/raw/master/LICENSE"}],"directories":{"lib":"./lib","doc":"./doc","man":"./man1"},"bin":{"nodeunit":"./bin/nodeunit"},"_npmJsonOpts":{"file":"/home/caolan/.npm/nodeunit/0.5.4/package/package.json","wscript":false,"contributors":false,"serverjs":false},"_id":"nodeunit@0.5.4","dependencies":{},"devDependencies":{},"engines":{"node":"*"},"_engineSupported":true,"_npmVersion":"1.0.26","_nodeVersion":"v0.4.11","_defaultsLoaded":true,"man":["man1/nodeunit.1"],"dist":{"shasum":"12c7f2b430bcb614a46962775d37588282cedb26","tarball":"http://registry.npmjs.org/nodeunit/-/nodeunit-0.5.4.tgz"},"scripts":{}},"0.5.5":{"name":"nodeunit","description":"Easy unit testing for node.js and the browser.","maintainers":[{"name":"caolan","email":"caolan@caolanmcmahon.com"}],"contributors":[{"name":"Alex Gorbatchev","url":"https://github.com/alexgorbatchev"},{"name":"Alex Wolfe","url":"https://github.com/alexkwolfe"},{"name":"Carl Fürstenberg","url":"https://github.com/azatoth"},{"name":"Gerad Suyderhoud","url":"https://github.com/gerad"},{"name":"Kadir Pekel","url":"https://github.com/coffeemate"},{"name":"Oleg Efimov","url":"https://github.com/Sannis"},{"name":"Orlando Vazquez","url":"https://github.com/orlandov"},{"name":"Ryan Dahl","url":"https://github.com/ry"},{"name":"Sam Stephenson","url":"https://github.com/sstephenson"},{"name":"Thomas Mayfield","url":"https://github.com/thegreatape"},{"name":"Elijah Insua","email":"tmpvar@gmail.com","url":"http://tmpvar.com"}],"version":"0.5.5","repository":{"type":"git","url":"git://github.com/caolan/nodeunit.git"},"bugs":{"url":"http://github.com/caolan/nodeunit/issues"},"licenses":[{"type":"MIT","url":"http://github.com/caolan/nodeunit/raw/master/LICENSE"}],"directories":{"lib":"./lib","doc":"./doc","man":"./man1"},"bin":{"nodeunit":"./bin/nodeunit"},"_npmJsonOpts":{"file":"/home/caolan/.npm/nodeunit/0.5.5/package/package.json","wscript":false,"contributors":false,"serverjs":false},"_id":"nodeunit@0.5.5","dependencies":{},"devDependencies":{},"engines":{"node":"*"},"_engineSupported":true,"_npmVersion":"1.0.27","_nodeVersion":"v0.4.11","_defaultsLoaded":true,"man":["man1/nodeunit.1"],"dist":{"shasum":"9e8568b7e5c0ea26c582c06c7bb4c1d6a93635fe","tarball":"http://registry.npmjs.org/nodeunit/-/nodeunit-0.5.5.tgz"}}},"maintainers":[{"name":"caolan","email":"caolan@caolanmcmahon.com"}],"author":{"name":"Caolan McMahon"},"repository":{"type":"git","url":"git://github.com/caolan/nodeunit.git"},"time":{"0.1.0":"2011-03-04T18:45:31.546Z","0.1.1":"2011-03-04T18:45:31.546Z","0.1.2":"2011-03-04T18:45:31.546Z","0.2.0":"2011-03-04T18:45:31.546Z","0.2.1":"2011-03-04T18:45:31.546Z","0.2.2":"2011-03-04T18:45:31.546Z","0.2.3":"2011-03-04T18:45:31.546Z","0.2.4":"2011-03-04T18:45:31.546Z","0.3.1":"2011-03-04T18:45:31.546Z","0.4.0":"2011-03-04T18:45:31.546Z","0.5.0":"2011-03-04T18:45:31.546Z","0.5.1":"2011-03-04T18:45:31.546Z","0.5.2":"2011-07-15T21:48:49.256Z","0.5.3":"2011-07-15T21:51:53.708Z","0.5.4":"2011-08-25T16:40:08.923Z","0.5.5":"2011-09-15T23:13:29.377Z"},"users":{"gevorg":true}}
silly get cb [ 200,
silly get cb   { vary: 'Accept',
silly get cb     server: 'CouchDB/1.1.0 (Erlang OTP/R14B03)',
silly get cb     etag: '"ETI0W2BM0AMPU53J7S3OBWEPG"',
silly get cb     date: 'Wed, 12 Oct 2011 11:54:57 GMT',
silly get cb     'content-type': 'application/json',
silly get cb     'content-length': '16697' } ]
verbose mkdir done: /home/ide_gpad/workspaces/npm_cache/far
verbose mkdir done: /home/ide_gpad/workspaces/npm_cache/nodeunit
verbose GET far/0.0.7
verbose raw, before any munging far/0.0.7
verbose url resolving [ 'http://registry.npmjs.org/', './far/0.0.7' ]
verbose url resolved http://registry.npmjs.org/far/0.0.7
verbose url parsed { protocol: 'http:',
verbose url parsed   slashes: true,
verbose url parsed   host: 'registry.npmjs.org',
verbose url parsed   hostname: 'registry.npmjs.org',
verbose url parsed   pathname: '/far/0.0.7',
verbose url parsed   href: 'http://registry.npmjs.org/far/0.0.7' }
ERR! { stack: [Getter/Setter],
ERR!   arguments: undefined,
ERR!   type: undefined,
ERR!   message: 'Not found: nodeunit@\'>=1.1.1 <1.2.0\'\nValid install targets:\n["latest","0.1.0","0.1.1","0.1.2","0.2.0","0.2.1","0.2.2","0.2.3","0.2.4","0.3.1","0.4.0","0.5.0","0.5.1","0.5.2","0.5.3","0.5.4","0.5.5"]' }
ERR! Report this *entire* log at:
ERR!     <http://github.com/isaacs/npm/issues>
ERR! or email it to:
ERR!     <npm-@googlegroups.com>
ERR! 
ERR! System SunOS 5.11
ERR! command "/home/cloud9/c9/support/node-c9-builds-v4/node-c9-sunos" "/home/ide_gpad/workspaces/npm/bin/npm.js" "install" "--dev"
verbose exit [ 1, true ]
